#
# There is insufficient memory for the Java Runtime Environment to continue.
# Native memory allocation (malloc) failed to allocate 1873664 bytes for Chunk::new
# Possible reasons:
#   The system is out of physical RAM or swap space
#   In 32 bit mode, the process size limit was hit
# Possible solutions:
#   Reduce memory load on the system
#   Increase physical memory or swap space
#   Check if swap backing store is full
#   Use 64 bit Java on a 64 bit OS
#   Decrease Java heap size (-Xmx/-Xms)
#   Decrease number of Java threads
#   Decrease Java thread stack sizes (-Xss)
#   Set larger code cache with -XX:ReservedCodeCacheSize=
# This output file may be truncated or incomplete.
#
#  Out of Memory Error (allocation.cpp:390), pid=13400, tid=0x0000000000000fe4
#
# JRE version: Java(TM) SE Runtime Environment (8.0_151-b12) (build 1.8.0_151-b12)
# Java VM: Java HotSpot(TM) 64-Bit Server VM (25.151-b12 mixed mode windows-amd64 compressed oops)
# Failed to write core dump. Minidumps are not enabled by default on client versions of Windows
#

---------------  T H R E A D  ---------------

Current thread (0x0000000019fb3000):  JavaThread "C2 CompilerThread0" daemon [_thread_in_native, id=4068, stack(0x000000001b6f0000,0x000000001b7f0000)]

Stack: [0x000000001b6f0000,0x000000001b7f0000]
[error occurred during error reporting (printing stack bounds), id 0xc0000005]

Native frames: (J=compiled Java code, j=interpreted, Vv=VM code, C=native code)


Current CompileTask:
C2:  26156 4049   !   4       java.net.URLClassLoader$1::run (63 bytes)


---------------  P R O C E S S  ---------------

Java Threads: ( => current thread )
  0x000000001d14f000 JavaThread "Abandoned connection cleanup thread" daemon [_thread_blocked, id=24364, stack(0x0000000023a90000,0x0000000023b90000)]
  0x000000001bb3c000 JavaThread "surefire-forkedjvm-ping-30s" daemon [_thread_blocked, id=22872, stack(0x000000001c0f0000,0x000000001c1f0000)]
  0x000000001bb06000 JavaThread "surefire-forkedjvm-command-thread" daemon [_thread_in_native, id=9112, stack(0x000000001bff0000,0x000000001c0f0000)]
  0x000000001ba4a800 JavaThread "Service Thread" daemon [_thread_blocked, id=9140, stack(0x000000001bdf0000,0x000000001bef0000)]
  0x0000000019fd7800 JavaThread "C1 CompilerThread2" daemon [_thread_blocked, id=16504, stack(0x000000001b8f0000,0x000000001b9f0000)]
  0x0000000019fb8800 JavaThread "C2 CompilerThread1" daemon [_thread_in_native, id=20080, stack(0x000000001b7f0000,0x000000001b8f0000)]
=>0x0000000019fb3000 JavaThread "C2 CompilerThread0" daemon [_thread_in_native, id=4068, stack(0x000000001b6f0000,0x000000001b7f0000)]
  0x0000000019fb0800 JavaThread "Attach Listener" daemon [_thread_blocked, id=20944, stack(0x000000001b5f0000,0x000000001b6f0000)]
  0x0000000019f9d000 JavaThread "Signal Dispatcher" daemon [_thread_blocked, id=27048, stack(0x000000001b4f0000,0x000000001b5f0000)]
  0x00000000054bd000 JavaThread "Finalizer" daemon [_thread_blocked, id=3644, stack(0x000000001b200000,0x000000001b300000)]
  0x00000000054b2000 JavaThread "Reference Handler" daemon [_thread_blocked, id=1812, stack(0x000000001b100000,0x000000001b200000)]
  0x00000000053c2800 JavaThread "main" [_thread_in_vm, id=22080, stack(0x00000000052c0000,0x00000000053c0000)]

Other Threads:
  0x0000000019f77000 VMThread [stack: 0x000000001b000000,0x000000001b100000] [id=29440]
  0x000000001ba55000 WatcherThread [stack: 0x000000001bef0000,0x000000001bff0000] [id=20552]

VM state:not at safepoint (normal execution)

VM Mutex/Monitor currently owned by a thread: None

Heap:
 PSYoungGen      total 153088K, used 26539K [0x00000000d6000000, 0x00000000e0e80000, 0x0000000100000000)
  eden space 142848K, 11% used [0x00000000d6000000,0x00000000d7052528,0x00000000deb80000)
  from space 10240K, 95% used [0x00000000e0480000,0x00000000e0e18798,0x00000000e0e80000)
  to   space 13312K, 0% used [0x00000000df480000,0x00000000df480000,0x00000000e0180000)
 ParOldGen       total 63488K, used 17642K [0x0000000082000000, 0x0000000085e00000, 0x00000000d6000000)
  object space 63488K, 27% used [0x0000000082000000,0x000000008313abd8,0x0000000085e00000)
 Metaspace       used 45382K, capacity 46772K, committed 47064K, reserved 1089536K
  class space    used 6046K, capacity 6335K, committed 6400K, reserved 1048576K

Card table byte_map: [0x0000000014880000,0x0000000014c80000] byte_map_base: 0x0000000014470000

Marking Bits: (ParMarkBitMap*) 0x0000000062bdd850
 Begin Bits: [0x0000000015320000, 0x00000000172a0000)
 End Bits:   [0x00000000172a0000, 0x0000000019220000)

Polling page: 0x0000000005070000

CodeCache: size=245760Kb used=13731Kb max_used=13733Kb free=232029Kb
 bounds [0x00000000054c0000, 0x0000000006240000, 0x00000000144c0000]
 total_blobs=4268 nmethods=3765 adapters=414
 compilation: enabled

Compilation events (10 events):
Event: 26.059 Thread 0x0000000019fd7800 nmethod 4138 0x00000000062315d0 code [0x0000000006231740, 0x0000000006231970]
Event: 26.067 Thread 0x0000000019fb8800 4139       4       java.lang.Class::forName (53 bytes)
Event: 26.067 Thread 0x0000000019fd7800 4140       3       java.lang.Character::isLetter (5 bytes)
Event: 26.068 Thread 0x0000000019fd7800 nmethod 4140 0x0000000006233250 code [0x00000000062333e0, 0x0000000006233738]
Event: 26.068 Thread 0x0000000019fd7800 4141       3       java.lang.Character::isLetter (18 bytes)
Event: 26.068 Thread 0x0000000019fb8800 nmethod 4139 0x0000000006235010 code [0x0000000006235160, 0x00000000062351e8]
Event: 26.068 Thread 0x0000000019fd7800 nmethod 4141 0x0000000006232c90 code [0x0000000006232e20, 0x0000000006233118]
Event: 26.079 Thread 0x0000000019fb8800 4142       4       java.net.URLClassLoader$1::run (5 bytes)
Event: 26.086 Thread 0x0000000019fd7800 4143       3       java.util.HashMap::putVal (300 bytes)
Event: 26.088 Thread 0x0000000019fd7800 nmethod 4143 0x0000000006235290 code [0x0000000006235500, 0x00000000062367b8]

GC Heap History (10 events):
Event: 8.787 GC heap before
{Heap before GC invocations=6 (full 1):
 PSYoungGen      total 70656K, used 70642K [0x00000000d6000000, 0x00000000dcb00000, 0x0000000100000000)
  eden space 65536K, 100% used [0x00000000d6000000,0x00000000da000000,0x00000000da000000)
  from space 5120K, 99% used [0x00000000da500000,0x00000000da9fc940,0x00000000daa00000)
  to   space 5120K, 0% used [0x00000000da000000,0x00000000da000000,0x00000000da500000)
 ParOldGen       total 63488K, used 14949K [0x0000000082000000, 0x0000000085e00000, 0x00000000d6000000)
  object space 63488K, 23% used [0x0000000082000000,0x0000000082e997b8,0x0000000085e00000)
 Metaspace       used 30556K, capacity 31554K, committed 31744K, reserved 1077248K
  class space    used 3992K, capacity 4230K, committed 4352K, reserved 1048576K
Event: 8.801 GC heap after
Heap after GC invocations=6 (full 1):
 PSYoungGen      total 70656K, used 5109K [0x00000000d6000000, 0x00000000dd900000, 0x0000000100000000)
  eden space 65536K, 0% used [0x00000000d6000000,0x00000000d6000000,0x00000000da000000)
  from space 5120K, 99% used [0x00000000da000000,0x00000000da4fd450,0x00000000da500000)
  to   space 13312K, 0% used [0x00000000dcc00000,0x00000000dcc00000,0x00000000dd900000)
 ParOldGen       total 63488K, used 19652K [0x0000000082000000, 0x0000000085e00000, 0x00000000d6000000)
  object space 63488K, 30% used [0x0000000082000000,0x0000000083331028,0x0000000085e00000)
 Metaspace       used 30556K, capacity 31554K, committed 31744K, reserved 1077248K
  class space    used 3992K, capacity 4230K, committed 4352K, reserved 1048576K
}
Event: 9.288 GC heap before
{Heap before GC invocations=7 (full 1):
 PSYoungGen      total 70656K, used 70645K [0x00000000d6000000, 0x00000000dd900000, 0x0000000100000000)
  eden space 65536K, 100% used [0x00000000d6000000,0x00000000da000000,0x00000000da000000)
  from space 5120K, 99% used [0x00000000da000000,0x00000000da4fd450,0x00000000da500000)
  to   space 13312K, 0% used [0x00000000dcc00000,0x00000000dcc00000,0x00000000dd900000)
 ParOldGen       total 63488K, used 19652K [0x0000000082000000, 0x0000000085e00000, 0x00000000d6000000)
  object space 63488K, 30% used [0x0000000082000000,0x0000000083331028,0x0000000085e00000)
 Metaspace       used 32245K, capacity 33506K, committed 33792K, reserved 1079296K
  class space    used 4232K, capacity 4510K, committed 4608K, reserved 1048576K
Event: 9.300 GC heap after
Heap after GC invocations=7 (full 1):
 PSYoungGen      total 111104K, used 8508K [0x00000000d6000000, 0x00000000ddf00000, 0x0000000100000000)
  eden space 97792K, 0% used [0x00000000d6000000,0x00000000d6000000,0x00000000dbf80000)
  from space 13312K, 63% used [0x00000000dcc00000,0x00000000dd44f020,0x00000000dd900000)
  to   space 12800K, 0% used [0x00000000dbf80000,0x00000000dbf80000,0x00000000dcc00000)
 ParOldGen       total 63488K, used 19652K [0x0000000082000000, 0x0000000085e00000, 0x00000000d6000000)
  object space 63488K, 30% used [0x0000000082000000,0x0000000083331028,0x0000000085e00000)
 Metaspace       used 32245K, capacity 33506K, committed 33792K, reserved 1079296K
  class space    used 4232K, capacity 4510K, committed 4608K, reserved 1048576K
}
Event: 11.238 GC heap before
{Heap before GC invocations=8 (full 1):
 PSYoungGen      total 111104K, used 74334K [0x00000000d6000000, 0x00000000ddf00000, 0x0000000100000000)
  eden space 97792K, 67% used [0x00000000d6000000,0x00000000da0488b0,0x00000000dbf80000)
  from space 13312K, 63% used [0x00000000dcc00000,0x00000000dd44f020,0x00000000dd900000)
  to   space 12800K, 0% used [0x00000000dbf80000,0x00000000dbf80000,0x00000000dcc00000)
 ParOldGen       total 63488K, used 19652K [0x0000000082000000, 0x0000000085e00000, 0x00000000d6000000)
  object space 63488K, 30% used [0x0000000082000000,0x0000000083331028,0x0000000085e00000)
 Metaspace       used 34052K, capacity 35360K, committed 35416K, reserved 1079296K
  class space    used 4471K, capacity 4723K, committed 4736K, reserved 1048576K
Event: 11.260 GC heap after
Heap after GC invocations=8 (full 1):
 PSYoungGen      total 110592K, used 10530K [0x00000000d6000000, 0x00000000e1180000, 0x0000000100000000)
  eden space 97792K, 0% used [0x00000000d6000000,0x00000000d6000000,0x00000000dbf80000)
  from space 12800K, 82% used [0x00000000dbf80000,0x00000000dc9c8980,0x00000000dcc00000)
  to   space 13312K, 0% used [0x00000000e0480000,0x00000000e0480000,0x00000000e1180000)
 ParOldGen       total 63488K, used 19660K [0x0000000082000000, 0x0000000085e00000, 0x00000000d6000000)
  object space 63488K, 30% used [0x0000000082000000,0x0000000083333028,0x0000000085e00000)
 Metaspace       used 34052K, capacity 35360K, committed 35416K, reserved 1079296K
  class space    used 4471K, capacity 4723K, committed 4736K, reserved 1048576K
}
Event: 11.260 GC heap before
{Heap before GC invocations=9 (full 2):
 PSYoungGen      total 110592K, used 10530K [0x00000000d6000000, 0x00000000e1180000, 0x0000000100000000)
  eden space 97792K, 0% used [0x00000000d6000000,0x00000000d6000000,0x00000000dbf80000)
  from space 12800K, 82% used [0x00000000dbf80000,0x00000000dc9c8980,0x00000000dcc00000)
  to   space 13312K, 0% used [0x00000000e0480000,0x00000000e0480000,0x00000000e1180000)
 ParOldGen       total 63488K, used 19660K [0x0000000082000000, 0x0000000085e00000, 0x00000000d6000000)
  object space 63488K, 30% used [0x0000000082000000,0x0000000083333028,0x0000000085e00000)
 Metaspace       used 34052K, capacity 35360K, committed 35416K, reserved 1079296K
  class space    used 4471K, capacity 4723K, committed 4736K, reserved 1048576K
Event: 11.362 GC heap after
Heap after GC invocations=9 (full 2):
 PSYoungGen      total 110592K, used 0K [0x00000000d6000000, 0x00000000e1180000, 0x0000000100000000)
  eden space 97792K, 0% used [0x00000000d6000000,0x00000000d6000000,0x00000000dbf80000)
  from space 12800K, 0% used [0x00000000dbf80000,0x00000000dbf80000,0x00000000dcc00000)
  to   space 13312K, 0% used [0x00000000e0480000,0x00000000e0480000,0x00000000e1180000)
 ParOldGen       total 63488K, used 17634K [0x0000000082000000, 0x0000000085e00000, 0x00000000d6000000)
  object space 63488K, 27% used [0x0000000082000000,0x0000000083138bd8,0x0000000085e00000)
 Metaspace       used 34052K, capacity 35360K, committed 35416K, reserved 1079296K
  class space    used 4471K, capacity 4723K, committed 4736K, reserved 1048576K
}
Event: 25.772 GC heap before
{Heap before GC invocations=10 (full 2):
 PSYoungGen      total 110592K, used 97792K [0x00000000d6000000, 0x00000000e1180000, 0x0000000100000000)
  eden space 97792K, 100% used [0x00000000d6000000,0x00000000dbf80000,0x00000000dbf80000)
  from space 12800K, 0% used [0x00000000dbf80000,0x00000000dbf80000,0x00000000dcc00000)
  to   space 13312K, 0% used [0x00000000e0480000,0x00000000e0480000,0x00000000e1180000)
 ParOldGen       total 63488K, used 17634K [0x0000000082000000, 0x0000000085e00000, 0x00000000d6000000)
  object space 63488K, 27% used [0x0000000082000000,0x0000000083138bd8,0x0000000085e00000)
 Metaspace       used 43699K, capacity 45074K, committed 45272K, reserved 1089536K
  class space    used 5795K, capacity 6092K, committed 6144K, reserved 1048576K
Event: 25.790 GC heap after
Heap after GC invocations=10 (full 2):
 PSYoungGen      total 153088K, used 9825K [0x00000000d6000000, 0x00000000e0e80000, 0x0000000100000000)
  eden space 142848K, 0% used [0x00000000d6000000,0x00000000d6000000,0x00000000deb80000)
  from space 10240K, 95% used [0x00000000e0480000,0x00000000e0e18798,0x00000000e0e80000)
  to   space 13312K, 0% used [0x00000000df480000,0x00000000df480000,0x00000000e0180000)
 ParOldGen       total 63488K, used 17642K [0x0000000082000000, 0x0000000085e00000, 0x00000000d6000000)
  object space 63488K, 27% used [0x0000000082000000,0x000000008313abd8,0x0000000085e00000)
 Metaspace       used 43699K, capacity 45074K, committed 45272K, reserved 1089536K
  class space    used 5795K, capacity 6092K, committed 6144K, reserved 1048576K
}

Deoptimization events (10 events):
Event: 23.165 Thread 0x00000000053c2800 Uncommon trap: reason=unstable_if action=reinterpret pc=0x00000000059f20f8 method=java.lang.ClassLoader.getClassLoadingLock(Ljava/lang/String;)Ljava/lang/Object; @ 6
Event: 25.402 Thread 0x00000000053c2800 Uncommon trap: reason=predicate action=maybe_recompile pc=0x00000000055c2778 method=java.util.ArrayList.indexOf(Ljava/lang/Object;)I @ 44
Event: 25.470 Thread 0x00000000053c2800 Uncommon trap: reason=class_check action=maybe_recompile pc=0x0000000005babb10 method=java.util.TreeMap.getEntry(Ljava/lang/Object;)Ljava/util/TreeMap$Entry; @ 26
Event: 25.470 Thread 0x00000000053c2800 Uncommon trap: reason=class_check action=maybe_recompile pc=0x0000000005babb10 method=java.util.TreeMap.getEntry(Ljava/lang/Object;)Ljava/util/TreeMap$Entry; @ 26
Event: 25.800 Thread 0x00000000053c2800 Uncommon trap: reason=unstable_if action=reinterpret pc=0x0000000005ea22a8 method=java.lang.reflect.Method.invoke(Ljava/lang/Object;[Ljava/lang/Object;)Ljava/lang/Object; @ 18
Event: 26.054 Thread 0x00000000053c2800 Uncommon trap: reason=unstable_if action=reinterpret pc=0x0000000005945590 method=java.util.HashMap.putVal(ILjava/lang/Object;Ljava/lang/Object;ZZ)Ljava/lang/Object; @ 162
Event: 26.055 Thread 0x00000000053c2800 Uncommon trap: reason=unstable_if action=reinterpret pc=0x0000000005bb9464 method=java.util.HashMap.getNode(ILjava/lang/Object;)Ljava/util/HashMap$Node; @ 84
Event: 26.055 Thread 0x00000000053c2800 Uncommon trap: reason=unstable_if action=reinterpret pc=0x0000000005aae024 method=java.util.HashMap.getNode(ILjava/lang/Object;)Ljava/util/HashMap$Node; @ 84
Event: 26.056 Thread 0x00000000053c2800 Uncommon trap: reason=unstable_if action=reinterpret pc=0x000000000593b82c method=java.util.HashMap.putVal(ILjava/lang/Object;Ljava/lang/Object;ZZ)Ljava/lang/Object; @ 109
Event: 26.056 Thread 0x00000000053c2800 Uncommon trap: reason=unstable_if action=reinterpret pc=0x00000000058bf900 method=java.util.HashMap.resize()[Ljava/util/HashMap$Node; @ 206

Internal exceptions (10 events):
Event: 22.578 Thread 0x00000000053c2800 Exception <a 'java/lang/ClassNotFoundException': org/springframework/beans/factory/FactoryBeanCustomizer> (0x00000000d84e1e08) thrown at [C:\re\workspace\8-2-build-windows-amd64-cygwin\jdk8u151\9699\hotspot\src\share\vm\classfile\systemDictionary.cpp, lin
Event: 22.579 Thread 0x00000000053c2800 Exception <a 'java/lang/ClassNotFoundException': org/springframework/beans/factory/BeanClassLoaderAwareCustomizer> (0x00000000d8500e38) thrown at [C:\re\workspace\8-2-build-windows-amd64-cygwin\jdk8u151\9699\hotspot\src\share\vm\classfile\systemDictionary
Event: 22.581 Thread 0x00000000053c2800 Exception <a 'java/lang/ClassNotFoundException': org/springframework/beans/factory/BeanFactoryAwareCustomizer> (0x00000000d851be58) thrown at [C:\re\workspace\8-2-build-windows-amd64-cygwin\jdk8u151\9699\hotspot\src\share\vm\classfile\systemDictionary.cpp
Event: 22.584 Thread 0x00000000053c2800 Exception <a 'java/lang/ClassNotFoundException': org/springframework/beans/factory/BeanNameAwareCustomizer> (0x00000000d85360e8) thrown at [C:\re\workspace\8-2-build-windows-amd64-cygwin\jdk8u151\9699\hotspot\src\share\vm\classfile\systemDictionary.cpp, l
Event: 22.586 Thread 0x00000000053c2800 Exception <a 'java/lang/ClassNotFoundException': org/springframework/beans/factory/InitializingBeanCustomizer> (0x00000000d8551020) thrown at [C:\re\workspace\8-2-build-windows-amd64-cygwin\jdk8u151\9699\hotspot\src\share\vm\classfile\systemDictionary.cpp
Event: 22.587 Thread 0x00000000053c2800 Exception <a 'java/lang/ClassNotFoundException': org/springframework/beans/factory/DisposableBeanCustomizer> (0x00000000d856a690) thrown at [C:\re\workspace\8-2-build-windows-amd64-cygwin\jdk8u151\9699\hotspot\src\share\vm\classfile\systemDictionary.cpp, 
Event: 22.588 Thread 0x00000000053c2800 Exception <a 'java/lang/ClassNotFoundException': org/springframework/orm/jpa/EntityManagerFactoryInfoCustomizer> (0x00000000d85857a8) thrown at [C:\re\workspace\8-2-build-windows-amd64-cygwin\jdk8u151\9699\hotspot\src\share\vm\classfile\systemDictionary.c
Event: 22.591 Thread 0x00000000053c2800 Exception <a 'java/lang/ClassNotFoundException': org/springframework/dao/support/PersistenceExceptionTranslatorCustomizer> (0x00000000d85afaf0) thrown at [C:\re\workspace\8-2-build-windows-amd64-cygwin\jdk8u151\9699\hotspot\src\share\vm\classfile\systemDi
Event: 23.698 Thread 0x00000000053c2800 Exception <a 'java/lang/reflect/InvocationTargetException'> (0x00000000da1c73e8) thrown at [C:\re\workspace\8-2-build-windows-amd64-cygwin\jdk8u151\9699\hotspot\src\share\vm\runtime\reflection.cpp, line 1092]
Event: 25.842 Thread 0x00000000053c2800 Exception <a 'java/lang/NoSuchMethodError': java.lang.Object.lambda$andThen$1(Ljava/util/function/Function;Ljava/lang/Object;)Ljava/lang/Object;> (0x00000000d6371db0) thrown at [C:\re\workspace\8-2-build-windows-amd64-cygwin\jdk8u151\9699\hotspot\src\shar

Events (10 events):
Event: 26.139 loading class org/hibernate/loader/plan/spi/CollectionQuerySpace
Event: 26.139 loading class org/hibernate/loader/plan/spi/CollectionQuerySpace done
Event: 26.139 loading class org/hibernate/loader/plan/build/spi/ExpandingCompositeQuerySpace
Event: 26.139 loading class org/hibernate/loader/plan/build/spi/ExpandingCompositeQuerySpace done
Event: 26.140 loading class org/hibernate/loader/plan/spi/CompositeQuerySpace
Event: 26.140 loading class org/hibernate/loader/plan/spi/CompositeQuerySpace done
Event: 26.140 loading class org/hibernate/loader/plan/spi/QuerySpaceUidNotRegisteredException
Event: 26.140 loading class org/hibernate/loader/plan/spi/QuerySpaceUidNotRegisteredException done
Event: 26.141 loading class org/hibernate/loader/plan/build/spi/MetamodelDrivenLoadPlanBuilder
Event: 26.141 loading class org/hibernate/loader/plan/build/spi/MetamodelDrivenLoadPlanBuilder done


Dynamic libraries:
0x00007ff6c8d20000 - 0x00007ff6c8d57000 	C:\Program Files\Java\jdk1.8.0_151\jre\bin\java.exe
0x00007ff989d90000 - 0x00007ff989f70000 	C:\WINDOWS\SYSTEM32\ntdll.dll
0x00007ff988750000 - 0x00007ff9887fe000 	C:\WINDOWS\System32\KERNEL32.DLL
0x00007ff986c80000 - 0x00007ff986ee6000 	C:\WINDOWS\System32\KERNELBASE.dll
0x0000000067e10000 - 0x0000000067ea5000 	C:\WINDOWS\System32\SYSFER.DLL
0x00007ff988bb0000 - 0x00007ff988c51000 	C:\WINDOWS\System32\ADVAPI32.dll
0x00007ff988e40000 - 0x00007ff988edd000 	C:\WINDOWS\System32\msvcrt.dll
0x00007ff989050000 - 0x00007ff9890ab000 	C:\WINDOWS\System32\sechost.dll
0x00007ff988cc0000 - 0x00007ff988ddf000 	C:\WINDOWS\System32\RPCRT4.dll
0x00007ff9896f0000 - 0x00007ff98987f000 	C:\WINDOWS\System32\USER32.dll
0x00007ff986210000 - 0x00007ff986230000 	C:\WINDOWS\System32\win32u.dll
0x00007ff988860000 - 0x00007ff988888000 	C:\WINDOWS\System32\GDI32.dll
0x00007ff9870c0000 - 0x00007ff987253000 	C:\WINDOWS\System32\gdi32full.dll
0x00007ff986380000 - 0x00007ff98641b000 	C:\WINDOWS\System32\msvcp_win.dll
0x00007ff986230000 - 0x00007ff986326000 	C:\WINDOWS\System32\ucrtbase.dll
0x00007ff9763a0000 - 0x00007ff976609000 	C:\WINDOWS\WinSxS\amd64_microsoft.windows.common-controls_6595b64144ccf1df_6.0.16299.431_none_15c7d3ee93659e73\COMCTL32.dll
0x00007ff9892e0000 - 0x00007ff9895e8000 	C:\WINDOWS\System32\combase.dll
0x00007ff986190000 - 0x00007ff986202000 	C:\WINDOWS\System32\bcryptPrimitives.dll
0x00007ff9895f0000 - 0x00007ff98961d000 	C:\WINDOWS\System32\IMM32.DLL
0x0000000064a00000 - 0x0000000064ad2000 	C:\Program Files\Java\jdk1.8.0_151\jre\bin\msvcr100.dll
0x00000000623c0000 - 0x0000000062c5d000 	C:\Program Files\Java\jdk1.8.0_151\jre\bin\server\jvm.dll
0x00007ff989180000 - 0x00007ff989188000 	C:\WINDOWS\System32\PSAPI.DLL
0x00007ff971ad0000 - 0x00007ff971ad9000 	C:\WINDOWS\SYSTEM32\WSOCK32.dll
0x00007ff988a30000 - 0x00007ff988a9c000 	C:\WINDOWS\System32\WS2_32.dll
0x00007ff981a80000 - 0x00007ff981aa3000 	C:\WINDOWS\SYSTEM32\WINMM.dll
0x00007ff977360000 - 0x00007ff97736a000 	C:\WINDOWS\SYSTEM32\VERSION.dll
0x00007ff9818c0000 - 0x00007ff9818ea000 	C:\WINDOWS\SYSTEM32\WINMMBASE.dll
0x00007ff986330000 - 0x00007ff98637a000 	C:\WINDOWS\System32\cfgmgr32.dll
0x00000000649f0000 - 0x00000000649ff000 	C:\Program Files\Java\jdk1.8.0_151\jre\bin\verify.dll
0x00000000649c0000 - 0x00000000649e9000 	C:\Program Files\Java\jdk1.8.0_151\jre\bin\java.dll
0x00000000649a0000 - 0x00000000649b6000 	C:\Program Files\Java\jdk1.8.0_151\jre\bin\zip.dll
0x00007ff987310000 - 0x00007ff988748000 	C:\WINDOWS\System32\SHELL32.dll
0x00007ff989620000 - 0x00007ff9896c6000 	C:\WINDOWS\System32\shcore.dll
0x00007ff986530000 - 0x00007ff986c77000 	C:\WINDOWS\System32\windows.storage.dll
0x00007ff988c60000 - 0x00007ff988cb1000 	C:\WINDOWS\System32\shlwapi.dll
0x00007ff986100000 - 0x00007ff986111000 	C:\WINDOWS\System32\kernel.appcore.dll
0x00007ff986140000 - 0x00007ff98618c000 	C:\WINDOWS\System32\powrprof.dll
0x00007ff9860e0000 - 0x00007ff9860fb000 	C:\WINDOWS\System32\profapi.dll
0x0000000064950000 - 0x000000006495d000 	C:\Program Files\Java\jdk1.8.0_151\jre\bin\management.dll
0x0000000064980000 - 0x000000006499a000 	C:\Program Files\Java\jdk1.8.0_151\jre\bin\net.dll
0x00007ff985970000 - 0x00007ff9859d6000 	C:\WINDOWS\system32\mswsock.dll
0x0000000064960000 - 0x0000000064971000 	C:\Program Files\Java\jdk1.8.0_151\jre\bin\nio.dll
0x00007ff985700000 - 0x00007ff985739000 	C:\WINDOWS\SYSTEM32\IPHLPAPI.DLL
0x00007ff989880000 - 0x00007ff989888000 	C:\WINDOWS\System32\NSI.dll
0x00007ff983320000 - 0x00007ff983336000 	C:\WINDOWS\SYSTEM32\dhcpcsvc6.DLL
0x00007ff983300000 - 0x00007ff98331a000 	C:\WINDOWS\SYSTEM32\dhcpcsvc.DLL
0x00007ff985750000 - 0x00007ff985806000 	C:\WINDOWS\SYSTEM32\DNSAPI.dll
0x00000000679f0000 - 0x0000000067a16000 	C:\Program Files\Bonjour\mdnsNSP.dll
0x00007ff97db40000 - 0x00007ff97db4a000 	C:\Windows\System32\rasadhlp.dll
0x00007ff983220000 - 0x00007ff983290000 	C:\WINDOWS\System32\fwpuclnt.dll
0x00007ff985c40000 - 0x00007ff985c65000 	C:\WINDOWS\SYSTEM32\bcrypt.dll
0x00007ff972c20000 - 0x00007ff972c36000 	C:\WINDOWS\system32\napinsp.dll
0x00007ff972c40000 - 0x00007ff972c5a000 	C:\WINDOWS\system32\pnrpnsp.dll
0x00007ff980280000 - 0x00007ff980298000 	C:\WINDOWS\system32\NLAapi.dll
0x00007ff972c60000 - 0x00007ff972c6e000 	C:\WINDOWS\System32\winrnr.dll
0x00007ff972c70000 - 0x00007ff972c85000 	C:\WINDOWS\System32\wshbth.dll
0x00007ff985b30000 - 0x00007ff985b47000 	C:\WINDOWS\SYSTEM32\CRYPTSP.dll
0x00007ff985570000 - 0x00007ff9855a3000 	C:\WINDOWS\system32\rsaenh.dll
0x00007ff986010000 - 0x00007ff986039000 	C:\WINDOWS\SYSTEM32\USERENV.dll
0x00007ff985b50000 - 0x00007ff985b5b000 	C:\WINDOWS\SYSTEM32\CRYPTBASE.dll

VM Arguments:
java_command: C:\Users\fuying.jin\AppData\Local\Temp\surefire1655343264983384789\surefirebooter7899779040832226315.jar C:\Users\fuying.jin\AppData\Local\Temp\surefire1655343264983384789 2018-06-13T11-32-09_877-jvmRun1 surefire7287766935037285508tmp surefire_16226181535566034605tmp
java_class_path (initial): C:\Users\fuying.jin\AppData\Local\Temp\surefire1655343264983384789\surefirebooter7899779040832226315.jar
Launcher Type: SUN_STANDARD

Environment Variables:
JAVA_HOME=C:/Program Files/Java/jdk1.8.0_151
PATH=C:\Users\fuying.jin\bin;C:\Program Files\Git\mingw64\bin;C:\Program Files\Git\usr\local\bin;C:\Program Files\Git\usr\bin;C:\Program Files\Git\usr\bin;C:\Program Files\Git\mingw64\bin;C:\Program Files\Git\usr\bin;C:\Users\fuying.jin\bin;C:\Program Files\Docker\Docker\Resources\bin;C:\ProgramData\Oracle\Java\javapath;C:\Program Files (x86)\Intel\iCLS Client;C:\Program Files\Intel\iCLS Client;C:\WINDOWS\system32;C:\WINDOWS;C:\WINDOWS\System32\Wbem;C:\WINDOWS\System32\WindowsPowerShell\v1.0;C:\Program Files (x86)\Intel\Intel(R) Management Engine Components\DAL;C:\Program Files\Intel\Intel(R) Management Engine Components\DAL;C:\Program Files (x86)\Intel\Intel(R) Management Engine Components\IPT;C:\Program Files\Intel\Intel(R) Management Engine Components\IPT;C:\Program Files\Git\cmd;C:\Program Files\Java\jdk1.8.0_151\bin;C:\Users\fuying.jin\AppData\Local\Android\Sdk\platform-tools;C:\Users\fuying.jin\AppData\Local\Android\Sdk\tools;C:\Users\fuying.jin\AppData\Local\Android\Sdk\tools\bin;C:\Users\fuying.jin\AppData\Local\Android\Sdk\platform-tools;C:\my_own_files\geckodriver-v0.19.1-win64;C:\Users\fuying.jin\AppData\Local\Programs\Python\Python36;C:\Program Files\PuTTY;C:\software\apache-maven-3.5.3\bin;C:\Ruby25-x64\bin;C:\Users\fuying.jin\AppData\Local\Programs\Python\Python36\Scripts;C:\Users\fuying.jin\AppData\Local\Microsoft\WindowsApps;C:\Program Files\Git\usr\bin\vendor_perl;C:\Program Files\Git\usr\bin\core_perl
USERNAME=fuying.jin
SHELL=C:\Program Files\Git\usr\bin\bash.exe
DISPLAY=needs-to-be-defined
OS=Windows_NT
PROCESSOR_IDENTIFIER=Intel64 Family 6 Model 142 Stepping 9, GenuineIntel



---------------  S Y S T E M  ---------------

OS: Windows 10.0 , 64 bit Build 16299 (10.0.16299.431)

CPU:total 4 (initial active 4) (2 cores per cpu, 2 threads per core) family 6 model 142 stepping 9, cmov, cx8, fxsr, mmx, sse, sse2, sse3, ssse3, sse4.1, sse4.2, popcnt, avx, avx2, aes, clmul, erms, 3dnowpref, lzcnt, ht, tsc, tscinvbit, bmi1, bmi2, adx

Memory: 4k page, physical 8249960k(444232k free), swap 33415784k(7104k free)

vm_info: Java HotSpot(TM) 64-Bit Server VM (25.151-b12) for windows-amd64 JRE (1.8.0_151-b12), built on Sep  5 2017 19:33:46 by "java_re" with MS VC++ 10.0 (VS2010)

time: Wed Jun 13 11:33:12 2018
elapsed time: 26 seconds (0d 0h 0m 26s)

